<?xml version="1.0" encoding="UTF-8"?>
<testsuite xmlns:xsi="http://www.w3.org/2001/XMLSchema-instance" xsi:noNamespaceSchemaLocation="https://maven.apache.org/surefire/maven-surefire-plugin/xsd/surefire-test-report-3.0.xsd" version="3.0" name="com.mohinhphanlop.projectthree.ProjectthreeApplicationTests" time="4.075" tests="1" errors="0" skipped="0" failures="0">
  <properties>
[...]
</properties>
  <testcase name="contextLoads" classname="com.mohinhphanlop.projectthree.ProjectthreeApplicationTests" time="0.396">
    <system-out><![CDATA[12:11:59.235 [main] INFO org.springframework.test.context.support.AnnotationConfigContextLoaderUtils -- Could not detect default configuration classes for test class [com.mohinhphanlop.projectthree.ProjectthreeApplicationTests]: ProjectthreeApplicationTests does not declare any static, non-private, non-final, nested classes annotated with @Configuration.
12:11:59.312 [main] INFO org.springframework.boot.test.context.SpringBootTestContextBootstrapper -- Found @SpringBootConfiguration com.mohinhphanlop.projectthree.ProjectThreeApplication for test class com.mohinhphanlop.projectthree.ProjectthreeApplicationTests
12:11:59.441 [main] INFO org.springframework.boot.devtools.restart.RestartApplicationListener -- Restart disabled due to context in which it is running

  .   ____          _            __ _ _
 /\\ / ___'_ __ _ _(_)_ __  __ _ \ \ \ \
( ( )\___ | '_ | '_| | '_ \/ _` | \ \ \ \
 \\/  ___)| |_)| | | | | || (_| |  ) ) ) )
  '  |____| .__|_| |_|_| |_\__, | / / / /
 =========|_|==============|___/=/_/_/_/
 :: Spring Boot ::                (v3.2.5)

2024-04-25T12:11:59.624+07:00  INFO 19568 --- [projectthree] [           main] c.m.p.ProjectthreeApplicationTests       : Starting ProjectthreeApplicationTests using Java 19.0.1 with PID 19568 (started by Admin in D:\_Development\Java\projectthree)
2024-04-25T12:11:59.625+07:00  INFO 19568 --- [projectthree] [           main] c.m.p.ProjectthreeApplicationTests       : No active profile set, falling back to 1 default profile: "default"
2024-04-25T12:12:00.115+07:00  INFO 19568 --- [projectthree] [           main] .s.d.r.c.RepositoryConfigurationDelegate : Bootstrapping Spring Data JPA repositories in DEFAULT mode.
2024-04-25T12:12:00.170+07:00  INFO 19568 --- [projectthree] [           main] .s.d.r.c.RepositoryConfigurationDelegate : Finished Spring Data repository scanning in 48 ms. Found 4 JPA repository interfaces.
2024-04-25T12:12:00.535+07:00  INFO 19568 --- [projectthree] [           main] o.hibernate.jpa.internal.util.LogHelper  : HHH000204: Processing PersistenceUnitInfo [name: default]
2024-04-25T12:12:00.585+07:00  INFO 19568 --- [projectthree] [           main] org.hibernate.Version                    : HHH000412: Hibernate ORM core version 6.4.4.Final
2024-04-25T12:12:00.614+07:00  INFO 19568 --- [projectthree] [           main] o.h.c.internal.RegionFactoryInitiator    : HHH000026: Second-level cache disabled
2024-04-25T12:12:00.888+07:00  INFO 19568 --- [projectthree] [           main] o.s.o.j.p.SpringPersistenceUnitInfo      : No LoadTimeWeaver setup: ignoring JPA class transformer
2024-04-25T12:12:00.917+07:00  INFO 19568 --- [projectthree] [           main] com.zaxxer.hikari.HikariDataSource       : HikariPool-1 - Starting...
2024-04-25T12:12:01.147+07:00  INFO 19568 --- [projectthree] [           main] com.zaxxer.hikari.pool.HikariPool        : HikariPool-1 - Added connection com.mysql.cj.jdbc.ConnectionImpl@59baf2c7
2024-04-25T12:12:01.149+07:00  INFO 19568 --- [projectthree] [           main] com.zaxxer.hikari.HikariDataSource       : HikariPool-1 - Start completed.
2024-04-25T12:12:01.188+07:00  WARN 19568 --- [projectthree] [           main] org.hibernate.orm.deprecation            : HHH90000025: MySQLDialect does not need to be specified explicitly using 'hibernate.dialect' (remove the property setting and it will be selected by default)
2024-04-25T12:12:01.984+07:00  INFO 19568 --- [projectthree] [           main] o.h.e.t.j.p.i.JtaPlatformInitiator       : HHH000489: No JTA platform available (set 'hibernate.transaction.jta.platform' to enable JTA platform integration)
2024-04-25T12:12:02.056+07:00  INFO 19568 --- [projectthree] [           main] j.LocalContainerEntityManagerFactoryBean : Initialized JPA EntityManagerFactory for persistence unit 'default'
2024-04-25T12:12:02.393+07:00  WARN 19568 --- [projectthree] [           main] JpaBaseConfiguration$JpaWebConfiguration : spring.jpa.open-in-view is enabled by default. Therefore, database queries may be performed during view rendering. Explicitly configure spring.jpa.open-in-view to disable this warning
2024-04-25T12:12:02.414+07:00  INFO 19568 --- [projectthree] [           main] o.s.b.a.w.s.WelcomePageHandlerMapping    : Adding welcome page template: index
2024-04-25T12:12:02.779+07:00  INFO 19568 --- [projectthree] [           main] c.m.p.ProjectthreeApplicationTests       : Started ProjectthreeApplicationTests in 3.349 seconds (process running for 4.054)
]]></system-out>
  </testcase>
</testsuite>